<?xml version="1.0" encoding="UTF-8"?>
<!-- Generated by org.testng.reporters.JUnitReportReporter -->
<testsuite hostname="DESKTOP-REU0ODK" failures="0" tests="2" name="softAssert_study.AssertEquals_andNotAssert" time="0.053" errors="0" timestamp="2022-06-20T12:10:52 IST" skipped="0">
  <testcase classname="softAssert_study.AssertEquals_andNotAssert" name="mymethod2" time="0.004"/>
  <system-out/>
  <testcase classname="softAssert_study.AssertEquals_andNotAssert" name="mymethod" time="0.049"/>
  <system-out/>
</testsuite> <!-- softAssert_study.AssertEquals_andNotAssert -->
