<?xml version="1.0" encoding="UTF-8"?>
<!-- Generated by org.testng.reporters.JUnitReportReporter -->
<testsuite hostname="DESKTOP-REU0ODK" failures="0" tests="1" name="testNG.AnnotationStudy" time="0.000" errors="0" timestamp="2022-06-14T10:02:44 IST" skipped="0">
  <testcase classname="testNG.AnnotationStudy" name="testcase1" time="0.000"/>
  <system-out>
    <![CDATA[testcase1 is running ]]>
  </system-out>
</testsuite> <!-- testNG.AnnotationStudy -->
