<?xml version="1.0" encoding="UTF-8"?>
<!-- Generated by org.testng.reporters.JUnitReportReporter -->
<testsuite hostname="DESKTOP-REU0ODK" failures="0" tests="2" name="testNG_include_exclude_practice.EX1" time="0.036" errors="0" timestamp="2022-06-13T18:48:29 IST" skipped="0">
  <testcase classname="testNG_include_exclude_practice.EX1" name="shiva" time="0.003"/>
  <system-out>
    <![CDATA[nikita is pass ]]>
  </system-out>
  <testcase classname="testNG_include_exclude_practice.EX1" name="sahil" time="0.033"/>
  <system-out>
    <![CDATA[nikita is pass ]]>
  </system-out>
</testsuite> <!-- testNG_include_exclude_practice.EX1 -->
