<?xml version="1.0" encoding="UTF-8"?>
<!-- Generated by org.testng.reporters.JUnitReportReporter -->
<testsuite hostname="DESKTOP-REU0ODK" failures="0" tests="1" name="kitetest_testNG_with_excel.Kitetest_crossBrowser_study" time="24.702" errors="0" timestamp="2022-06-25T16:55:54 IST" skipped="0">
  <testcase classname="kitetest_testNG_with_excel.Kitetest_crossBrowser_study" name="verifyKiteUserName" time="24.702"/>
  <system-out>
    <![CDATA[Validating user ID 
Expected UserID and Actual UserID are matching TC is PASSED]]>
  </system-out>
</testsuite> <!-- kitetest_testNG_with_excel.Kitetest_crossBrowser_study -->
