<?xml version="1.0" encoding="UTF-8"?>
<!-- Generated by org.testng.reporters.JUnitReportReporter -->
<testsuite hostname="DESKTOP-REU0ODK" failures="0" tests="1" name="testNG_parallel_serial.Flipkart_launch" time="115.755" errors="0" timestamp="2022-06-14T16:24:23 IST" skipped="0">
  <testcase classname="testNG_parallel_serial.Flipkart_launch" name="flipkartpage" time="115.755"/>
  <system-out/>
</testsuite> <!-- testNG_parallel_serial.Flipkart_launch -->
