<?xml version="1.0" encoding="UTF-8"?>
<!-- Generated by org.testng.reporters.JUnitReportReporter -->
<testsuite hostname="DESKTOP-REU0ODK" failures="0" tests="2" name="testNG_Grouping_study.myMetgod1" time="0.015" errors="0" timestamp="2022-06-26T07:45:06 IST" skipped="0">
  <testcase classname="testNG_Grouping_study.myMetgod1" name="TC4" time="0.001"/>
  <system-out>
    <![CDATA[TC4 regression is running]]>
  </system-out>
  <testcase classname="testNG_Grouping_study.myMetgod1" name="TC1" time="0.014"/>
  <system-out>
    <![CDATA[TC1 regression is running]]>
  </system-out>
</testsuite> <!-- testNG_Grouping_study.myMetgod1 -->
