<?xml version="1.0" encoding="UTF-8"?>
<!-- Generated by org.testng.reporters.JUnitReportReporter -->
<testsuite hostname="DESKTOP-REU0ODK" failures="0" tests="1" name="testNG_keywords.DependsOnMethod" time="0.016" errors="0" timestamp="2022-06-13T17:49:54 IST" skipped="0">
  <testcase classname="testNG_keywords.DependsOnMethod" name="f" time="0.016"/>
  <system-out/>
</testsuite> <!-- testNG_keywords.DependsOnMethod -->
