<?xml version="1.0" encoding="UTF-8"?>
<!-- Generated by org.testng.reporters.JUnitReportReporter -->
<testsuite hostname="DESKTOP-REU0ODK" failures="0" tests="1" name="testNG_Verification_assert_study.AssertEqualsANDassertNotEquals" time="0.020" errors="0" timestamp="2022-06-15T11:45:23 IST" skipped="0">
  <testcase classname="testNG_Verification_assert_study.AssertEqualsANDassertNotEquals" name="myTestcase" time="0.020"/>
  <system-out>
    <![CDATA[string are not matching tc is passed]]>
  </system-out>
</testsuite> <!-- testNG_Verification_assert_study.AssertEqualsANDassertNotEquals -->
