<?xml version="1.0" encoding="UTF-8"?>
<!-- Generated by org.testng.reporters.JUnitReportReporter -->
<testsuite hostname="DESKTOP-REU0ODK" failures="0" tests="1" name="testNG_Verification_assert_study.assertTrueAndassertFalse" time="0.018" errors="0" timestamp="2022-06-15T12:01:03 IST" skipped="0">
  <testcase classname="testNG_Verification_assert_study.assertTrueAndassertFalse" name="myMethod" time="0.018"/>
  <system-out>
    <![CDATA[value is false tc is passed]]>
  </system-out>
</testsuite> <!-- testNG_Verification_assert_study.assertTrueAndassertFalse -->
