<?xml version="1.0" encoding="UTF-8"?>
<!-- Generated by org.testng.reporters.JUnitReportReporter -->
<testsuite hostname="DESKTOP-REU0ODK" failures="0" tests="1" name="testNG_Verification_assert_study.assertNullAndNotnull" time="0.015" errors="0" timestamp="2022-06-15T12:09:10 IST" skipped="0">
  <testcase classname="testNG_Verification_assert_study.assertNullAndNotnull" name="myMethod" time="0.015"/>
  <system-out>
    <![CDATA[value is null tc is passed]]>
  </system-out>
</testsuite> <!-- testNG_Verification_assert_study.assertNullAndNotnull -->
