<?xml version="1.0" encoding="UTF-8"?>
<!-- Generated by org.testng.reporters.JUnitReportReporter -->
<testsuite hostname="DESKTOP-REU0ODK" failures="0" tests="4" name="testNG_keywords.Priority_keyword" time="0.025" errors="0" timestamp="2022-06-13T20:10:15 IST" skipped="0">
  <testcase classname="testNG_keywords.Priority_keyword" name="A" time="0.014"/>
  <system-out>
    <![CDATA[A is running ]]>
  </system-out>
  <testcase classname="testNG_keywords.Priority_keyword" name="E" time="0.004"/>
  <system-out>
    <![CDATA[E is running ]]>
  </system-out>
  <testcase classname="testNG_keywords.Priority_keyword" name="C" time="0.005"/>
  <system-out>
    <![CDATA[c is running ]]>
  </system-out>
  <testcase classname="testNG_keywords.Priority_keyword" name="D" time="0.002"/>
  <system-out>
    <![CDATA[D is running ]]>
  </system-out>
</testsuite> <!-- testNG_keywords.Priority_keyword -->
