<?xml version="1.0" encoding="UTF-8"?>
<!-- Generated by org.testng.reporters.JUnitReportReporter -->
<testsuite hostname="DESKTOP-REU0ODK" failures="0" tests="3" name="testNG_XML_study.mytest" time="0.015" errors="0" timestamp="2022-06-14T10:19:32 IST" skipped="0">
  <testcase classname="testNG_XML_study.mytest" name="anuj" time="0.000"/>
  <system-out>
    <![CDATA[anuj is pass]]>
  </system-out>
  <testcase classname="testNG_XML_study.mytest" name="shiva" time="0.015"/>
  <system-out>
    <![CDATA[shiva is pass]]>
  </system-out>
  <testcase classname="testNG_XML_study.mytest" name="kartik" time="0.000"/>
  <system-out>
    <![CDATA[kartik is pass]]>
  </system-out>
</testsuite> <!-- testNG_XML_study.mytest -->
