<?xml version="1.0" encoding="UTF-8"?>
<!-- Generated by org.testng.reporters.JUnitReportReporter -->
<testsuite hostname="DESKTOP-REU0ODK" failures="0" tests="2" name="testNG_Grouping_study.myMethod2" time="0.006" errors="0" timestamp="2022-06-26T07:45:06 IST" skipped="0">
  <testcase classname="testNG_Grouping_study.myMethod2" name="TestCase5" time="0.002"/>
  <system-out>
    <![CDATA[regression TC5 is pass]]>
  </system-out>
  <testcase classname="testNG_Grouping_study.myMethod2" name="TestCase2" time="0.004"/>
  <system-out>
    <![CDATA[regression TC2 is pass]]>
  </system-out>
</testsuite> <!-- testNG_Grouping_study.myMethod2 -->
