<?xml version="1.0" encoding="UTF-8"?>
<!-- Generated by org.testng.reporters.JUnitReportReporter -->
<testsuite hostname="DESKTOP-REU0ODK" failures="0" tests="1" name="testNG.TestNGstudy" time="118.317" errors="0" timestamp="2022-06-13T11:24:21 IST" skipped="0">
  <testcase classname="testNG.TestNGstudy" name="mymethod" time="118.317"/>
  <system-out/>
</testsuite> <!-- testNG.TestNGstudy -->
