<?xml version="1.0" encoding="UTF-8"?>
<!-- Generated by org.testng.reporters.JUnitReportReporter -->
<testsuite hostname="DESKTOP-REU0ODK" failures="0" tests="1" name="pom_study.Kitetest_TestNG" time="5.939" errors="0" timestamp="2022-06-20T15:26:53 IST" skipped="0">
  <testcase classname="pom_study.Kitetest_TestNG" name="verifyKiteUserName" time="5.939"/>
  <system-out>
    <![CDATA[Validating user ID 
Expected UserID and Actual UserID are matching TC is PASSED]]>
  </system-out>
</testsuite> <!-- pom_study.Kitetest_TestNG -->
