<?xml version="1.0" encoding="UTF-8"?>
<!-- Generated by org.testng.reporters.JUnitReportReporter -->
<testsuite hostname="DESKTOP-REU0ODK" failures="0" tests="4" name="testNG_include_exclude_practice.EX2" time="0.017" errors="0" timestamp="2022-06-13T18:48:29 IST" skipped="0">
  <testcase classname="testNG_include_exclude_practice.EX2" name="kartik" time="0.006"/>
  <system-out>
    <![CDATA[nikita is pass ]]>
  </system-out>
  <testcase classname="testNG_include_exclude_practice.EX2" name="amit" time="0.003"/>
  <system-out>
    <![CDATA[nikita is pass ]]>
  </system-out>
  <testcase classname="testNG_include_exclude_practice.EX2" name="pavan" time="0.005"/>
  <system-out>
    <![CDATA[nikita is pass ]]>
  </system-out>
  <testcase classname="testNG_include_exclude_practice.EX2" name="anuj" time="0.003"/>
  <system-out>
    <![CDATA[nikita is pass ]]>
  </system-out>
</testsuite> <!-- testNG_include_exclude_practice.EX2 -->
