<?xml version="1.0" encoding="UTF-8"?>
<!-- Generated by org.testng.reporters.JUnitReportReporter -->
<testsuite hostname="DESKTOP-REU0ODK" failures="0" tests="2" name="testNG_XML_study.mytest2" time="0.011" errors="0" timestamp="2022-06-14T10:19:32 IST" skipped="0">
  <testcase classname="testNG_XML_study.mytest2" name="siya" time="0.011"/>
  <system-out>
    <![CDATA[sham is pass]]>
  </system-out>
  <testcase classname="testNG_XML_study.mytest2" name="ram" time="0.000"/>
  <system-out>
    <![CDATA[shiva is pass]]>
  </system-out>
</testsuite> <!-- testNG_XML_study.mytest2 -->
