<?xml version="1.0" encoding="UTF-8"?>
<!-- Generated by org.testng.reporters.JUnitReportReporter -->
<testsuite hostname="DESKTOP-REU0ODK" failures="0" tests="4" name="testNG_keywords.Enabled_keyword" time="0.021" errors="0" timestamp="2022-06-13T20:13:10 IST" skipped="1">
  <testcase classname="testNG_keywords.Enabled_keyword" name="myMethod2" time="0.014"/>
  <system-out>
    <![CDATA[myMethod2 is pass]]>
  </system-out>
  <testcase classname="testNG_keywords.Enabled_keyword" name="myMethod3" time="0.003"/>
  <system-out>
    <![CDATA[myMethod3 is pass]]>
  </system-out>
  <testcase classname="testNG_keywords.Enabled_keyword" name="myMethod4" time="0.004"/>
  <system-out>
    <![CDATA[myMethod4 is pass]]>
  </system-out>
  <testcase classname="testNG_keywords.Enabled_keyword" name="myMethod1">
    <skipped/>
  </testcase> <!-- myMethod1 -->
  <system-out/>
</testsuite> <!-- testNG_keywords.Enabled_keyword -->
