<?xml version="1.0" encoding="UTF-8"?>
<!-- Generated by org.testng.reporters.JUnitReportReporter -->
<testsuite hostname="DESKTOP-REU0ODK" failures="0" tests="2" name="listeners_study.Pratiksha" time="0.011" errors="0" timestamp="2022-06-26T06:57:17 IST" skipped="0">
  <testcase classname="listeners_study.Pratiksha" name="mymethod" time="0.003"/>
  <system-out>
    <![CDATA[mymethod is running
tc is pass
successful tc name ==mymethod]]>
  </system-out>
  <testcase classname="listeners_study.Pratiksha" name="mymethod2" time="0.008"/>
  <system-out>
    <![CDATA[mymethod2 is running
tc is pass
successful tc name ==mymethod2]]>
  </system-out>
</testsuite> <!-- listeners_study.Pratiksha -->
