<?xml version="1.0" encoding="UTF-8"?>
<!-- Generated by org.testng.reporters.JUnitReportReporter -->
<testsuite hostname="DESKTOP-REU0ODK" failures="0" tests="3" name="listeners_study.Mytest" time="0.026" errors="0" timestamp="2022-06-26T06:57:17 IST" skipped="0">
  <testcase classname="listeners_study.Mytest" name="test1" time="0.017"/>
  <system-out>
    <![CDATA[hiiiiiiiii
tc is pass
successful tc name ==test1]]>
  </system-out>
  <testcase classname="listeners_study.Mytest" name="test3" time="0.004"/>
  <system-out>
    <![CDATA[byyyyy
tc is pass
successful tc name ==test3]]>
  </system-out>
  <testcase classname="listeners_study.Mytest" name="test2" time="0.005"/>
  <system-out>
    <![CDATA[hlwwwwww
tc is pass
successful tc name ==test2]]>
  </system-out>
</testsuite> <!-- listeners_study.Mytest -->
